# JRE version: OpenJDK Runtime Environment (24.0.2+12) (build 24.0.2+12-54)
# Java VM: OpenJDK 64-Bit Server VM (24.0.2+12-54, mixed mode, emulated-client, sharing, tiered, compressed oops, compressed class ptrs, g1 gc, windows-amd64)
GC Precious Log:
 CardTable entry size: 512
 Card Set container configuration: InlinePtr #cards 5 size 8 Array Of Cards #cards 10 size 36 Howl #buckets 4 coarsen threshold 1843 Howl Bitmap #cards 512 size 80 coarsen threshold 460 Card regions per heap region 1 cards per card region 2048
 CPUs: 8 total, 8 available
 Memory: 7930M
 Large Page Support: Disabled
 NUMA Support: Disabled
 Compressed Oops: Enabled (32-bit)
 Heap Region Size: 1M
 Heap Min Capacity: 8M
 Heap Initial Capacity: 124M
 Heap Max Capacity: 1984M
 Pre-touch: Disabled
 Parallel Workers: 8
 Concurrent Workers: 2
 Concurrent Refinement Workers: 8
 Periodic GC: Disabled
Heap:
 garbage-first heap   total reserved 2031616K, committed 58368K, used 38606K [0x0000000084000000, 0x0000000100000000)
  region size 1024K, 15 young (15360K), 3 survivors (3072K)
 Metaspace       used 57599K, committed 58112K, reserved 1114112K
  class space    used 6450K, committed 6656K, reserved 1048576K
GC Heap History (18 events):
Event: 2.331 GC heap before
{Heap before GC invocations=0 (full 0):
 garbage-first heap   total reserved 2031616K, committed 129024K, used 50288K [0x0000000084000000, 0x0000000100000000)
  region size 1024K, 47 young (48128K), 0 survivors (0K)
 Metaspace       used 11558K, committed 11776K, reserved 1114112K
  class space    used 1381K, committed 1472K, reserved 1048576K
}
Event: 2.341 GC heap after
{Heap after GC invocations=1 (full 0):
 garbage-first heap   total reserved 2031616K, committed 129024K, used 10641K [0x0000000084000000, 0x0000000100000000)
  region size 1024K, 6 young (6144K), 6 survivors (6144K)
 Metaspace       used 11558K, committed 11776K, reserved 1114112K
  class space    used 1381K, committed 1472K, reserved 1048576K
}
Event: 3.131 GC heap before
{Heap before GC invocations=1 (full 0):
 garbage-first heap   total reserved 2031616K, committed 129024K, used 42385K [0x0000000084000000, 0x0000000100000000)
  region size 1024K, 39 young (39936K), 6 survivors (6144K)
 Metaspace       used 21219K, committed 21504K, reserved 1114112K
  class space    used 2359K, committed 2496K, reserved 1048576K
}
Event: 3.143 GC heap after
{Heap after GC invocations=2 (full 0):
 garbage-first heap   total reserved 2031616K, committed 129024K, used 14059K [0x0000000084000000, 0x0000000100000000)
  region size 1024K, 3 young (3072K), 3 survivors (3072K)
 Metaspace       used 21219K, committed 21504K, reserved 1114112K
  class space    used 2359K, committed 2496K, reserved 1048576K
}
Event: 4.579 GC heap before
{Heap before GC invocations=3 (full 0):
 garbage-first heap   total reserved 2031616K, committed 51200K, used 49899K [0x0000000084000000, 0x0000000100000000)
  region size 1024K, 38 young (38912K), 3 survivors (3072K)
 Metaspace       used 25988K, committed 26368K, reserved 1114112K
  class space    used 2894K, committed 3072K, reserved 1048576K
}
Event: 4.590 GC heap after
{Heap after GC invocations=4 (full 0):
 garbage-first heap   total reserved 2031616K, committed 58368K, used 18006K [0x0000000084000000, 0x0000000100000000)
  region size 1024K, 7 young (7168K), 7 survivors (7168K)
 Metaspace       used 25988K, committed 26368K, reserved 1114112K
  class space    used 2894K, committed 3072K, reserved 1048576K
}
Event: 5.280 GC heap before
{Heap before GC invocations=4 (full 0):
 garbage-first heap   total reserved 2031616K, committed 58368K, used 41558K [0x0000000084000000, 0x0000000100000000)
  region size 1024K, 30 young (30720K), 7 survivors (7168K)
 Metaspace       used 29117K, committed 29504K, reserved 1114112K
  class space    used 3302K, committed 3456K, reserved 1048576K
}
Event: 5.299 GC heap after
{Heap after GC invocations=5 (full 0):
 garbage-first heap   total reserved 2031616K, committed 58368K, used 19705K [0x0000000084000000, 0x0000000100000000)
  region size 1024K, 3 young (3072K), 3 survivors (3072K)
 Metaspace       used 29117K, committed 29504K, reserved 1114112K
  class space    used 3302K, committed 3456K, reserved 1048576K
}
Event: 5.872 GC heap before
{Heap before GC invocations=5 (full 0):
 garbage-first heap   total reserved 2031616K, committed 58368K, used 43257K [0x0000000084000000, 0x0000000100000000)
  region size 1024K, 26 young (26624K), 3 survivors (3072K)
 Metaspace       used 33022K, committed 33408K, reserved 1114112K
  class space    used 3779K, committed 3904K, reserved 1048576K
}
Event: 5.879 GC heap after
{Heap after GC invocations=6 (full 0):
 garbage-first heap   total reserved 2031616K, committed 58368K, used 21241K [0x0000000084000000, 0x0000000100000000)
  region size 1024K, 4 young (4096K), 4 survivors (4096K)
 Metaspace       used 33022K, committed 33408K, reserved 1114112K
  class space    used 3779K, committed 3904K, reserved 1048576K
}
Event: 6.233 GC heap before
{Heap before GC invocations=6 (full 0):
 garbage-first heap   total reserved 2031616K, committed 58368K, used 33529K [0x0000000084000000, 0x0000000100000000)
  region size 1024K, 17 young (17408K), 4 survivors (4096K)
 Metaspace       used 35678K, committed 36096K, reserved 1114112K
  class space    used 4044K, committed 4224K, reserved 1048576K
}
Event: 6.238 GC heap after
{Heap after GC invocations=7 (full 0):
 garbage-first heap   total reserved 2031616K, committed 58368K, used 23248K [0x0000000084000000, 0x0000000100000000)
  region size 1024K, 4 young (4096K), 4 survivors (4096K)
 Metaspace       used 35678K, committed 36096K, reserved 1114112K
  class space    used 4044K, committed 4224K, reserved 1048576K
}
Event: 8.932 GC heap before
{Heap before GC invocations=8 (full 0):
 garbage-first heap   total reserved 2031616K, committed 58368K, used 46800K [0x0000000084000000, 0x0000000100000000)
  region size 1024K, 27 young (27648K), 4 survivors (4096K)
 Metaspace       used 41628K, committed 42112K, reserved 1114112K
  class space    used 4650K, committed 4864K, reserved 1048576K
}
Event: 8.938 GC heap after
{Heap after GC invocations=9 (full 0):
 garbage-first heap   total reserved 2031616K, committed 58368K, used 25255K [0x0000000084000000, 0x0000000100000000)
  region size 1024K, 4 young (4096K), 4 survivors (4096K)
 Metaspace       used 41628K, committed 42112K, reserved 1114112K
  class space    used 4650K, committed 4864K, reserved 1048576K
}
Event: 10.635 GC heap before
{Heap before GC invocations=9 (full 0):
 garbage-first heap   total reserved 2031616K, committed 58368K, used 46759K [0x0000000084000000, 0x0000000100000000)
  region size 1024K, 26 young (26624K), 4 survivors (4096K)
 Metaspace       used 47322K, committed 47808K, reserved 1114112K
  class space    used 5250K, committed 5440K, reserved 1048576K
}
Event: 10.640 GC heap after
{Heap after GC invocations=10 (full 0):
 garbage-first heap   total reserved 2031616K, committed 58368K, used 26156K [0x0000000084000000, 0x0000000100000000)
  region size 1024K, 4 young (4096K), 4 survivors (4096K)
 Metaspace       used 47322K, committed 47808K, reserved 1114112K
  class space    used 5250K, committed 5440K, reserved 1048576K
}
Event: 11.735 GC heap before
{Heap before GC invocations=10 (full 0):
 garbage-first heap   total reserved 2031616K, committed 58368K, used 47660K [0x0000000084000000, 0x0000000100000000)
  region size 1024K, 26 young (26624K), 4 survivors (4096K)
 Metaspace       used 54561K, committed 55040K, reserved 1114112K
  class space    used 6097K, committed 6272K, reserved 1048576K
}
Event: 11.740 GC heap after
{Heap after GC invocations=11 (full 0):
 garbage-first heap   total reserved 2031616K, committed 58368K, used 27342K [0x0000000084000000, 0x0000000100000000)
  region size 1024K, 3 young (3072K), 3 survivors (3072K)
 Metaspace       used 54561K, committed 55040K, reserved 1114112K
  class space    used 6097K, committed 6272K, reserved 1048576K
}

